<?xml version="1.0" encoding="UTF-8"?>
<testng-results ignored="0" total="1" passed="1" failed="0" skipped="0">
  <reporter-output>
  </reporter-output>
  <suite started-at="2020-02-17T14:46:26 IST" name="Simple Test Suite" finished-at="2020-02-17T14:46:50 IST" duration-ms="23298">
    <groups>
    </groups>
    <test started-at="2020-02-17T14:46:26 IST" name="Login Page" finished-at="2020-02-17T14:46:50 IST" duration-ms="23298">
      <class name="DevOps.Devops.AppTest">
        <test-method is-config="true" signature="initialization()[pri:0, instance:DevOps.Devops.AppTest@72d1ad2e]" started-at="2020-02-17T14:46:26 IST" name="initialization" finished-at="2020-02-17T14:46:31 IST" duration-ms="4910" status="PASS">
          <reporter-output>
          </reporter-output>
        </test-method> <!-- initialization -->
        <test-method signature="logintoapp()[pri:1, instance:DevOps.Devops.AppTest@72d1ad2e]" started-at="2020-02-17T14:46:31 IST" name="logintoapp" finished-at="2020-02-17T14:46:50 IST" duration-ms="18321" status="PASS">
          <reporter-output>
          </reporter-output>
        </test-method> <!-- logintoapp -->
      </class> <!-- DevOps.Devops.AppTest -->
    </test> <!-- Login Page -->
  </suite> <!-- Simple Test Suite -->
</testng-results>
